<?xml version="1.0" encoding="UTF-8"?>
<coverage generated="1622656929953" clover="3.2.0">
  <project timestamp="1622656929953" name="All files">
    <metrics statements="60" coveredstatements="48" conditionals="44" coveredconditionals="34" methods="31" coveredmethods="19" elements="135" coveredelements="101" complexity="0" loc="60" ncloc="60" packages="9" files="9" classes="9"/>
    <package name="lib">
      <metrics statements="15" coveredstatements="15" conditionals="28" coveredconditionals="23" methods="1" coveredmethods="1"/>
      <file name="cpf.js" path="/home/chics/workspace/easy-challenge-frontend/src/js/lib/cpf.js">
        <metrics statements="15" coveredstatements="15" conditionals="28" coveredconditionals="23" methods="1" coveredmethods="1"/>
        <line num="2" count="10" type="cond" truecount="1" falsecount="1"/>
        <line num="4" count="10" type="stmt"/>
        <line num="6" count="10" type="cond" truecount="2" falsecount="0"/>
        <line num="20" count="9" type="stmt"/>
        <line num="23" count="1" type="stmt"/>
        <line num="26" count="9" type="stmt"/>
        <line num="28" count="1" type="stmt"/>
        <line num="30" count="1" type="cond" truecount="3" falsecount="1"/>
        <line num="31" count="1" type="cond" truecount="1" falsecount="1"/>
        <line num="33" count="1" type="stmt"/>
        <line num="35" count="10" type="stmt"/>
        <line num="37" count="1" type="stmt"/>
        <line num="39" count="1" type="cond" truecount="3" falsecount="1"/>
        <line num="40" count="1" type="cond" truecount="1" falsecount="1"/>
        <line num="42" count="1" type="stmt"/>
      </file>
    </package>
    <package name="mocks">
      <metrics statements="5" coveredstatements="1" conditionals="2" coveredconditionals="0" methods="5" coveredmethods="1"/>
      <file name="LocalStorageMock.js" path="/home/chics/workspace/easy-challenge-frontend/src/js/mocks/LocalStorageMock.js">
        <metrics statements="5" coveredstatements="1" conditionals="2" coveredconditionals="0" methods="5" coveredmethods="1"/>
        <line num="3" count="1" type="stmt"/>
        <line num="7" count="0" type="stmt"/>
        <line num="11" count="0" type="cond" truecount="0" falsecount="2"/>
        <line num="15" count="0" type="stmt"/>
        <line num="19" count="0" type="stmt"/>
      </file>
    </package>
    <package name="providers">
      <metrics statements="2" coveredstatements="1" conditionals="0" coveredconditionals="0" methods="2" coveredmethods="1"/>
      <file name="ListUserProvider.js" path="/home/chics/workspace/easy-challenge-frontend/src/js/providers/ListUserProvider.js">
        <metrics statements="2" coveredstatements="1" conditionals="0" coveredconditionals="0" methods="2" coveredmethods="1"/>
        <line num="4" count="1" type="stmt"/>
        <line num="8" count="0" type="stmt"/>
      </file>
    </package>
    <package name="providers.implementations">
      <metrics statements="4" coveredstatements="4" conditionals="0" coveredconditionals="0" methods="1" coveredmethods="1"/>
      <file name="ListUsersMockProvider.js" path="/home/chics/workspace/easy-challenge-frontend/src/js/providers/implementations/ListUsersMockProvider.js">
        <metrics statements="4" coveredstatements="4" conditionals="0" coveredconditionals="0" methods="1" coveredmethods="1"/>
        <line num="6" count="1" type="stmt"/>
        <line num="7" count="1" type="stmt"/>
        <line num="9" count="1" type="stmt"/>
        <line num="11" count="1" type="stmt"/>
      </file>
    </package>
    <package name="repositories">
      <metrics statements="5" coveredstatements="0" conditionals="0" coveredconditionals="0" methods="5" coveredmethods="0"/>
      <file name="UsersRepository.js" path="/home/chics/workspace/easy-challenge-frontend/src/js/repositories/UsersRepository.js">
        <metrics statements="5" coveredstatements="0" conditionals="0" coveredconditionals="0" methods="5" coveredmethods="0"/>
        <line num="4" count="0" type="stmt"/>
        <line num="8" count="0" type="stmt"/>
        <line num="12" count="0" type="stmt"/>
        <line num="16" count="0" type="stmt"/>
        <line num="20" count="0" type="stmt"/>
      </file>
    </package>
    <package name="repositories.implementations">
      <metrics statements="19" coveredstatements="19" conditionals="14" coveredconditionals="11" methods="10" coveredmethods="10"/>
      <file name="StorageUsersRepository.js" path="/home/chics/workspace/easy-challenge-frontend/src/js/repositories/implementations/StorageUsersRepository.js">
        <metrics statements="19" coveredstatements="19" conditionals="14" coveredconditionals="11" methods="10" coveredmethods="10"/>
        <line num="6" count="1" type="stmt"/>
        <line num="7" count="1" type="stmt"/>
        <line num="8" count="1" type="stmt"/>
        <line num="12" count="10" type="stmt"/>
        <line num="14" count="10" type="cond" truecount="2" falsecount="0"/>
        <line num="16" count="3" type="stmt"/>
        <line num="20" count="4" type="stmt"/>
        <line num="24" count="5" type="stmt"/>
        <line num="28" count="1" type="stmt"/>
        <line num="29" count="2" type="cond" truecount="1" falsecount="1"/>
        <line num="34" count="2" type="stmt"/>
        <line num="35" count="1" type="stmt"/>
        <line num="41" count="3" type="stmt"/>
        <line num="43" count="3" type="cond" truecount="5" falsecount="1"/>
        <line num="44" count="3" type="stmt"/>
        <line num="46" count="3" type="cond" truecount="2" falsecount="0"/>
        <line num="47" count="1" type="stmt"/>
        <line num="48" count="1" type="stmt"/>
        <line num="51" count="3" type="stmt"/>
      </file>
    </package>
    <package name="services">
      <metrics statements="1" coveredstatements="0" conditionals="0" coveredconditionals="0" methods="1" coveredmethods="0"/>
      <file name="ValidatorInputService.js" path="/home/chics/workspace/easy-challenge-frontend/src/js/services/ValidatorInputService.js">
        <metrics statements="1" coveredstatements="0" conditionals="0" coveredconditionals="0" methods="1" coveredmethods="0"/>
        <line num="3" count="0" type="stmt"/>
      </file>
    </package>
    <package name="services.implementations">
      <metrics statements="7" coveredstatements="6" conditionals="0" coveredconditionals="0" methods="5" coveredmethods="4"/>
      <file name="FormValidatorInputService.js" path="/home/chics/workspace/easy-challenge-frontend/src/js/services/implementations/FormValidatorInputService.js">
        <metrics statements="7" coveredstatements="6" conditionals="0" coveredconditionals="0" methods="5" coveredmethods="4"/>
        <line num="6" count="6" type="stmt"/>
        <line num="10" count="5" type="stmt"/>
        <line num="12" count="5" type="stmt"/>
        <line num="16" count="10" type="stmt"/>
        <line num="20" count="9" type="stmt"/>
        <line num="22" count="9" type="stmt"/>
        <line num="26" count="0" type="stmt"/>
      </file>
    </package>
    <package name="templates">
      <metrics statements="2" coveredstatements="2" conditionals="0" coveredconditionals="0" methods="1" coveredmethods="1"/>
      <file name="UserTemplateComponent.js" path="/home/chics/workspace/easy-challenge-frontend/src/js/templates/UserTemplateComponent.js">
        <metrics statements="2" coveredstatements="2" conditionals="0" coveredconditionals="0" methods="1" coveredmethods="1"/>
        <line num="1" count="1" type="stmt"/>
        <line num="3" count="1" type="stmt"/>
      </file>
    </package>
  </project>
</coverage>
