{"/home/chics/workspace/easy-challenge-frontend/src/js/lib/cpf.js": {"path":"/home/chics/workspace/easy-challenge-frontend/src/js/lib/cpf.js","statementMap":{"0":{"start":{"line":2,"column":2},"end":{"line":2,"column":45}},"1":{"start":{"line":2,"column":32},"end":{"line":2,"column":45}},"2":{"start":{"line":4,"column":14},"end":{"line":4,"column":44}},"3":{"start":{"line":6,"column":2},"end":{"line":21,"column":3}},"4":{"start":{"line":20,"column":4},"end":{"line":20,"column":17}},"5":{"start":{"line":23,"column":12},"end":{"line":23,"column":13}},"6":{"start":{"line":26,"column":2},"end":{"line":26,"column":94}},"7":{"start":{"line":26,"column":15},"end":{"line":26,"column":16}},"8":{"start":{"line":26,"column":36},"end":{"line":26,"column":92}},"9":{"start":{"line":28,"column":2},"end":{"line":28,"column":25}},"10":{"start":{"line":30,"column":2},"end":{"line":30,"column":47}},"11":{"start":{"line":30,"column":38},"end":{"line":30,"column":47}},"12":{"start":{"line":31,"column":2},"end":{"line":31,"column":64}},"13":{"start":{"line":31,"column":51},"end":{"line":31,"column":64}},"14":{"start":{"line":33,"column":2},"end":{"line":33,"column":10}},"15":{"start":{"line":35,"column":2},"end":{"line":35,"column":95}},"16":{"start":{"line":35,"column":15},"end":{"line":35,"column":16}},"17":{"start":{"line":35,"column":37},"end":{"line":35,"column":93}},"18":{"start":{"line":37,"column":2},"end":{"line":37,"column":25}},"19":{"start":{"line":39,"column":2},"end":{"line":39,"column":47}},"20":{"start":{"line":39,"column":38},"end":{"line":39,"column":47}},"21":{"start":{"line":40,"column":2},"end":{"line":40,"column":65}},"22":{"start":{"line":40,"column":52},"end":{"line":40,"column":65}},"23":{"start":{"line":42,"column":2},"end":{"line":42,"column":14}}},"fnMap":{"0":{"name":"isCPF","decl":{"start":{"line":1,"column":24},"end":{"line":1,"column":29}},"loc":{"start":{"line":1,"column":36},"end":{"line":43,"column":1}},"line":1}},"branchMap":{"0":{"loc":{"start":{"line":2,"column":2},"end":{"line":2,"column":45}},"type":"if","locations":[{"start":{"line":2,"column":2},"end":{"line":2,"column":45}},{"start":{"line":2,"column":2},"end":{"line":2,"column":45}}],"line":2},"1":{"loc":{"start":{"line":6,"column":2},"end":{"line":21,"column":3}},"type":"if","locations":[{"start":{"line":6,"column":2},"end":{"line":21,"column":3}},{"start":{"line":6,"column":2},"end":{"line":21,"column":3}}],"line":6},"2":{"loc":{"start":{"line":7,"column":4},"end":{"line":18,"column":30}},"type":"binary-expr","locations":[{"start":{"line":7,"column":4},"end":{"line":7,"column":8}},{"start":{"line":8,"column":9},"end":{"line":8,"column":26}},{"start":{"line":9,"column":9},"end":{"line":9,"column":30}},{"start":{"line":10,"column":9},"end":{"line":10,"column":30}},{"start":{"line":11,"column":9},"end":{"line":11,"column":30}},{"start":{"line":12,"column":9},"end":{"line":12,"column":30}},{"start":{"line":13,"column":9},"end":{"line":13,"column":30}},{"start":{"line":14,"column":9},"end":{"line":14,"column":30}},{"start":{"line":15,"column":9},"end":{"line":15,"column":30}},{"start":{"line":16,"column":9},"end":{"line":16,"column":30}},{"start":{"line":17,"column":9},"end":{"line":17,"column":30}},{"start":{"line":18,"column":9},"end":{"line":18,"column":30}}],"line":7},"3":{"loc":{"start":{"line":30,"column":2},"end":{"line":30,"column":47}},"type":"if","locations":[{"start":{"line":30,"column":2},"end":{"line":30,"column":47}},{"start":{"line":30,"column":2},"end":{"line":30,"column":47}}],"line":30},"4":{"loc":{"start":{"line":30,"column":6},"end":{"line":30,"column":36}},"type":"binary-expr","locations":[{"start":{"line":30,"column":7},"end":{"line":30,"column":18}},{"start":{"line":30,"column":24},"end":{"line":30,"column":35}}],"line":30},"5":{"loc":{"start":{"line":31,"column":2},"end":{"line":31,"column":64}},"type":"if","locations":[{"start":{"line":31,"column":2},"end":{"line":31,"column":64}},{"start":{"line":31,"column":2},"end":{"line":31,"column":64}}],"line":31},"6":{"loc":{"start":{"line":39,"column":2},"end":{"line":39,"column":47}},"type":"if","locations":[{"start":{"line":39,"column":2},"end":{"line":39,"column":47}},{"start":{"line":39,"column":2},"end":{"line":39,"column":47}}],"line":39},"7":{"loc":{"start":{"line":39,"column":6},"end":{"line":39,"column":36}},"type":"binary-expr","locations":[{"start":{"line":39,"column":7},"end":{"line":39,"column":18}},{"start":{"line":39,"column":24},"end":{"line":39,"column":35}}],"line":39},"8":{"loc":{"start":{"line":40,"column":2},"end":{"line":40,"column":65}},"type":"if","locations":[{"start":{"line":40,"column":2},"end":{"line":40,"column":65}},{"start":{"line":40,"column":2},"end":{"line":40,"column":65}}],"line":40}},"s":{"0":10,"1":0,"2":10,"3":10,"4":9,"5":1,"6":1,"7":1,"8":9,"9":1,"10":1,"11":0,"12":1,"13":0,"14":1,"15":1,"16":1,"17":10,"18":1,"19":1,"20":0,"21":1,"22":0,"23":1},"f":{"0":10},"b":{"0":[0,10],"1":[9,1],"2":[10,10,10,10,9,8,7,6,5,4,3,2],"3":[0,1],"4":[1,1],"5":[0,1],"6":[0,1],"7":[1,1],"8":[0,1]},"_coverageSchema":"1a1c01bbd47fc00a2c39e90264f33305004495a9","hash":"91a1c7110ff032aee728d7b3082e4fe5f047f126"}
,"/home/chics/workspace/easy-challenge-frontend/src/js/mocks/LocalStorageMock.js": {"path":"/home/chics/workspace/easy-challenge-frontend/src/js/mocks/LocalStorageMock.js","statementMap":{"0":{"start":{"line":3,"column":4},"end":{"line":3,"column":20}},"1":{"start":{"line":7,"column":4},"end":{"line":7,"column":20}},"2":{"start":{"line":11,"column":4},"end":{"line":11,"column":35}},"3":{"start":{"line":15,"column":4},"end":{"line":15,"column":36}},"4":{"start":{"line":19,"column":4},"end":{"line":19,"column":27}}},"fnMap":{"0":{"name":"(anonymous_0)","decl":{"start":{"line":2,"column":2},"end":{"line":2,"column":3}},"loc":{"start":{"line":2,"column":16},"end":{"line":4,"column":3}},"line":2},"1":{"name":"(anonymous_1)","decl":{"start":{"line":6,"column":2},"end":{"line":6,"column":3}},"loc":{"start":{"line":6,"column":10},"end":{"line":8,"column":3}},"line":6},"2":{"name":"(anonymous_2)","decl":{"start":{"line":10,"column":2},"end":{"line":10,"column":3}},"loc":{"start":{"line":10,"column":15},"end":{"line":12,"column":3}},"line":10},"3":{"name":"(anonymous_3)","decl":{"start":{"line":14,"column":2},"end":{"line":14,"column":3}},"loc":{"start":{"line":14,"column":22},"end":{"line":16,"column":3}},"line":14},"4":{"name":"(anonymous_4)","decl":{"start":{"line":18,"column":2},"end":{"line":18,"column":3}},"loc":{"start":{"line":18,"column":18},"end":{"line":20,"column":3}},"line":18}},"branchMap":{"0":{"loc":{"start":{"line":11,"column":11},"end":{"line":11,"column":34}},"type":"binary-expr","locations":[{"start":{"line":11,"column":11},"end":{"line":11,"column":26}},{"start":{"line":11,"column":30},"end":{"line":11,"column":34}}],"line":11}},"s":{"0":1,"1":0,"2":0,"3":0,"4":0},"f":{"0":1,"1":0,"2":0,"3":0,"4":0},"b":{"0":[0,0]},"_coverageSchema":"1a1c01bbd47fc00a2c39e90264f33305004495a9","hash":"7e62af898b63e37938717cb6725312ac9df67532"}
,"/home/chics/workspace/easy-challenge-frontend/src/js/providers/ListUserProvider.js": {"path":"/home/chics/workspace/easy-challenge-frontend/src/js/providers/ListUserProvider.js","statementMap":{"0":{"start":{"line":4,"column":4},"end":{"line":4,"column":20}},"1":{"start":{"line":8,"column":4},"end":{"line":8,"column":14}}},"fnMap":{"0":{"name":"(anonymous_0)","decl":{"start":{"line":3,"column":2},"end":{"line":3,"column":3}},"loc":{"start":{"line":3,"column":16},"end":{"line":5,"column":3}},"line":3},"1":{"name":"(anonymous_1)","decl":{"start":{"line":7,"column":2},"end":{"line":7,"column":3}},"loc":{"start":{"line":7,"column":8},"end":{"line":9,"column":3}},"line":7}},"branchMap":{},"s":{"0":1,"1":0},"f":{"0":1,"1":0},"b":{},"_coverageSchema":"1a1c01bbd47fc00a2c39e90264f33305004495a9","hash":"a645a8bb6e90e52eef11ca91b1cd0eab9c0e8060"}
,"/home/chics/workspace/easy-challenge-frontend/src/js/providers/implementations/ListUsersMockProvider.js": {"path":"/home/chics/workspace/easy-challenge-frontend/src/js/providers/implementations/ListUsersMockProvider.js","statementMap":{"0":{"start":{"line":6,"column":21},"end":{"line":6,"column":92}},"1":{"start":{"line":7,"column":17},"end":{"line":7,"column":38}},"2":{"start":{"line":9,"column":4},"end":{"line":9,"column":22}},"3":{"start":{"line":11,"column":4},"end":{"line":11,"column":22}}},"fnMap":{"0":{"name":"(anonymous_0)","decl":{"start":{"line":5,"column":2},"end":{"line":5,"column":3}},"loc":{"start":{"line":5,"column":15},"end":{"line":12,"column":3}},"line":5}},"branchMap":{},"s":{"0":1,"1":1,"2":1,"3":1},"f":{"0":1},"b":{},"_coverageSchema":"1a1c01bbd47fc00a2c39e90264f33305004495a9","hash":"5ce862cee194b3334f51a23693ddddcdfb8f7993"}
,"/home/chics/workspace/easy-challenge-frontend/src/js/repositories/UsersRepository.js": {"path":"/home/chics/workspace/easy-challenge-frontend/src/js/repositories/UsersRepository.js","statementMap":{"0":{"start":{"line":4,"column":4},"end":{"line":4,"column":16}},"1":{"start":{"line":8,"column":4},"end":{"line":8,"column":16}},"2":{"start":{"line":12,"column":4},"end":{"line":12,"column":16}},"3":{"start":{"line":16,"column":4},"end":{"line":16,"column":16}},"4":{"start":{"line":20,"column":4},"end":{"line":20,"column":16}}},"fnMap":{"0":{"name":"(anonymous_0)","decl":{"start":{"line":3,"column":2},"end":{"line":3,"column":3}},"loc":{"start":{"line":3,"column":11},"end":{"line":5,"column":3}},"line":3},"1":{"name":"(anonymous_1)","decl":{"start":{"line":7,"column":2},"end":{"line":7,"column":3}},"loc":{"start":{"line":7,"column":21},"end":{"line":9,"column":3}},"line":7},"2":{"name":"(anonymous_2)","decl":{"start":{"line":11,"column":2},"end":{"line":11,"column":3}},"loc":{"start":{"line":11,"column":23},"end":{"line":13,"column":3}},"line":11},"3":{"name":"(anonymous_3)","decl":{"start":{"line":15,"column":2},"end":{"line":15,"column":3}},"loc":{"start":{"line":15,"column":20},"end":{"line":17,"column":3}},"line":15},"4":{"name":"(anonymous_4)","decl":{"start":{"line":19,"column":2},"end":{"line":19,"column":3}},"loc":{"start":{"line":19,"column":13},"end":{"line":21,"column":3}},"line":19}},"branchMap":{},"s":{"0":0,"1":0,"2":0,"3":0,"4":0},"f":{"0":0,"1":0,"2":0,"3":0,"4":0},"b":{},"_coverageSchema":"1a1c01bbd47fc00a2c39e90264f33305004495a9","hash":"53a20510e5855283a3d0e6978b09ddde1811afa3"}
,"/home/chics/workspace/easy-challenge-frontend/src/js/repositories/implementations/StorageUsersRepository.js": {"path":"/home/chics/workspace/easy-challenge-frontend/src/js/repositories/implementations/StorageUsersRepository.js","statementMap":{"0":{"start":{"line":6,"column":4},"end":{"line":6,"column":12}},"1":{"start":{"line":7,"column":4},"end":{"line":7,"column":30}},"2":{"start":{"line":8,"column":4},"end":{"line":8,"column":31}},"3":{"start":{"line":12,"column":18},"end":{"line":12,"column":54}},"4":{"start":{"line":14,"column":4},"end":{"line":14,"column":71}},"5":{"start":{"line":14,"column":15},"end":{"line":14,"column":71}},"6":{"start":{"line":16,"column":4},"end":{"line":16,"column":14}},"7":{"start":{"line":20,"column":4},"end":{"line":20,"column":71}},"8":{"start":{"line":24,"column":4},"end":{"line":24,"column":62}},"9":{"start":{"line":24,"column":40},"end":{"line":24,"column":60}},"10":{"start":{"line":28,"column":4},"end":{"line":30,"column":7}},"11":{"start":{"line":29,"column":6},"end":{"line":29,"column":64}},"12":{"start":{"line":29,"column":41},"end":{"line":29,"column":64}},"13":{"start":{"line":34,"column":18},"end":{"line":34,"column":70}},"14":{"start":{"line":34,"column":49},"end":{"line":34,"column":69}},"15":{"start":{"line":35,"column":4},"end":{"line":35,"column":24}},"16":{"start":{"line":41,"column":8},"end":{"line":41,"column":12}},"17":{"start":{"line":43,"column":4},"end":{"line":52,"column":5}},"18":{"start":{"line":44,"column":6},"end":{"line":44,"column":28}},"19":{"start":{"line":46,"column":6},"end":{"line":49,"column":7}},"20":{"start":{"line":47,"column":8},"end":{"line":47,"column":104}},"21":{"start":{"line":48,"column":8},"end":{"line":48,"column":64}},"22":{"start":{"line":51,"column":6},"end":{"line":51,"column":31}}},"fnMap":{"0":{"name":"(anonymous_0)","decl":{"start":{"line":5,"column":2},"end":{"line":5,"column":3}},"loc":{"start":{"line":5,"column":16},"end":{"line":9,"column":3}},"line":5},"1":{"name":"(anonymous_1)","decl":{"start":{"line":11,"column":2},"end":{"line":11,"column":3}},"loc":{"start":{"line":11,"column":12},"end":{"line":17,"column":3}},"line":11},"2":{"name":"(anonymous_2)","decl":{"start":{"line":19,"column":2},"end":{"line":19,"column":3}},"loc":{"start":{"line":19,"column":16},"end":{"line":21,"column":3}},"line":19},"3":{"name":"(anonymous_3)","decl":{"start":{"line":23,"column":2},"end":{"line":23,"column":3}},"loc":{"start":{"line":23,"column":21},"end":{"line":25,"column":3}},"line":23},"4":{"name":"(anonymous_4)","decl":{"start":{"line":24,"column":30},"end":{"line":24,"column":31}},"loc":{"start":{"line":24,"column":40},"end":{"line":24,"column":60}},"line":24},"5":{"name":"(anonymous_5)","decl":{"start":{"line":27,"column":2},"end":{"line":27,"column":3}},"loc":{"start":{"line":27,"column":25},"end":{"line":31,"column":3}},"line":27},"6":{"name":"(anonymous_6)","decl":{"start":{"line":28,"column":14},"end":{"line":28,"column":15}},"loc":{"start":{"line":28,"column":24},"end":{"line":30,"column":5}},"line":28},"7":{"name":"(anonymous_7)","decl":{"start":{"line":33,"column":2},"end":{"line":33,"column":3}},"loc":{"start":{"line":33,"column":23},"end":{"line":36,"column":3}},"line":33},"8":{"name":"(anonymous_8)","decl":{"start":{"line":34,"column":39},"end":{"line":34,"column":40}},"loc":{"start":{"line":34,"column":49},"end":{"line":34,"column":69}},"line":34},"9":{"name":"(anonymous_9)","decl":{"start":{"line":38,"column":2},"end":{"line":38,"column":3}},"loc":{"start":{"line":38,"column":25},"end":{"line":53,"column":3}},"line":38}},"branchMap":{"0":{"loc":{"start":{"line":14,"column":4},"end":{"line":14,"column":71}},"type":"if","locations":[{"start":{"line":14,"column":4},"end":{"line":14,"column":71}},{"start":{"line":14,"column":4},"end":{"line":14,"column":71}}],"line":14},"1":{"loc":{"start":{"line":27,"column":13},"end":{"line":27,"column":23}},"type":"default-arg","locations":[{"start":{"line":27,"column":21},"end":{"line":27,"column":23}}],"line":27},"2":{"loc":{"start":{"line":29,"column":6},"end":{"line":29,"column":64}},"type":"if","locations":[{"start":{"line":29,"column":6},"end":{"line":29,"column":64}},{"start":{"line":29,"column":6},"end":{"line":29,"column":64}}],"line":29},"3":{"loc":{"start":{"line":38,"column":13},"end":{"line":38,"column":23}},"type":"default-arg","locations":[{"start":{"line":38,"column":19},"end":{"line":38,"column":23}}],"line":38},"4":{"loc":{"start":{"line":43,"column":4},"end":{"line":52,"column":5}},"type":"if","locations":[{"start":{"line":43,"column":4},"end":{"line":52,"column":5}},{"start":{"line":43,"column":4},"end":{"line":52,"column":5}}],"line":43},"5":{"loc":{"start":{"line":43,"column":8},"end":{"line":43,"column":37}},"type":"binary-expr","locations":[{"start":{"line":43,"column":8},"end":{"line":43,"column":12}},{"start":{"line":43,"column":16},"end":{"line":43,"column":21}},{"start":{"line":43,"column":25},"end":{"line":43,"column":28}},{"start":{"line":43,"column":32},"end":{"line":43,"column":37}}],"line":43},"6":{"loc":{"start":{"line":46,"column":6},"end":{"line":49,"column":7}},"type":"if","locations":[{"start":{"line":46,"column":6},"end":{"line":49,"column":7}},{"start":{"line":46,"column":6},"end":{"line":49,"column":7}}],"line":46}},"s":{"0":1,"1":1,"2":1,"3":10,"4":10,"5":7,"6":3,"7":4,"8":5,"9":5,"10":1,"11":2,"12":2,"13":1,"14":2,"15":1,"16":3,"17":3,"18":3,"19":3,"20":1,"21":1,"22":3},"f":{"0":1,"1":10,"2":4,"3":5,"4":5,"5":1,"6":2,"7":1,"8":2,"9":3},"b":{"0":[7,3],"1":[0],"2":[2,0],"3":[1],"4":[3,0],"5":[3,3,3,3],"6":[1,2]},"_coverageSchema":"1a1c01bbd47fc00a2c39e90264f33305004495a9","hash":"6076f22f0cb6696f1889735f96484fe98aba6843"}
,"/home/chics/workspace/easy-challenge-frontend/src/js/services/ValidatorInputService.js": {"path":"/home/chics/workspace/easy-challenge-frontend/src/js/services/ValidatorInputService.js","statementMap":{"0":{"start":{"line":3,"column":4},"end":{"line":3,"column":16}}},"fnMap":{"0":{"name":"(anonymous_0)","decl":{"start":{"line":2,"column":2},"end":{"line":2,"column":3}},"loc":{"start":{"line":2,"column":13},"end":{"line":4,"column":3}},"line":2}},"branchMap":{},"s":{"0":0},"f":{"0":0},"b":{},"_coverageSchema":"1a1c01bbd47fc00a2c39e90264f33305004495a9","hash":"0cdbc5f3f001fd382469ddbb5b664cf7c72d65f0"}
,"/home/chics/workspace/easy-challenge-frontend/src/js/services/implementations/FormValidatorInputService.js": {"path":"/home/chics/workspace/easy-challenge-frontend/src/js/services/implementations/FormValidatorInputService.js","statementMap":{"0":{"start":{"line":6,"column":4},"end":{"line":6,"column":29}},"1":{"start":{"line":10,"column":22},"end":{"line":10,"column":156}},"2":{"start":{"line":12,"column":4},"end":{"line":12,"column":43}},"3":{"start":{"line":16,"column":4},"end":{"line":16,"column":24}},"4":{"start":{"line":20,"column":23},"end":{"line":20,"column":59}},"5":{"start":{"line":22,"column":4},"end":{"line":22,"column":44}},"6":{"start":{"line":26,"column":4},"end":{"line":31,"column":6}}},"fnMap":{"0":{"name":"(anonymous_0)","decl":{"start":{"line":5,"column":2},"end":{"line":5,"column":3}},"loc":{"start":{"line":5,"column":22},"end":{"line":7,"column":3}},"line":5},"1":{"name":"(anonymous_1)","decl":{"start":{"line":9,"column":2},"end":{"line":9,"column":3}},"loc":{"start":{"line":9,"column":23},"end":{"line":13,"column":3}},"line":9},"2":{"name":"(anonymous_2)","decl":{"start":{"line":15,"column":2},"end":{"line":15,"column":3}},"loc":{"start":{"line":15,"column":21},"end":{"line":17,"column":3}},"line":15},"3":{"name":"(anonymous_3)","decl":{"start":{"line":19,"column":2},"end":{"line":19,"column":3}},"loc":{"start":{"line":19,"column":23},"end":{"line":23,"column":3}},"line":19},"4":{"name":"(anonymous_4)","decl":{"start":{"line":25,"column":2},"end":{"line":25,"column":3}},"loc":{"start":{"line":25,"column":17},"end":{"line":32,"column":3}},"line":25}},"branchMap":{},"s":{"0":6,"1":5,"2":5,"3":10,"4":9,"5":9,"6":0},"f":{"0":6,"1":5,"2":10,"3":9,"4":0},"b":{},"_coverageSchema":"1a1c01bbd47fc00a2c39e90264f33305004495a9","hash":"1975781e9396f4eba527e3c4129405eb332cd75c"}
,"/home/chics/workspace/easy-challenge-frontend/src/js/templates/UserTemplateComponent.js": {"path":"/home/chics/workspace/easy-challenge-frontend/src/js/templates/UserTemplateComponent.js","statementMap":{"0":{"start":{"line":1,"column":30},"end":{"line":11,"column":1}},"1":{"start":{"line":3,"column":6},"end":{"line":11,"column":1}}},"fnMap":{"0":{"name":"(anonymous_0)","decl":{"start":{"line":1,"column":30},"end":{"line":1,"column":31}},"loc":{"start":{"line":3,"column":6},"end":{"line":11,"column":1}},"line":3}},"branchMap":{},"s":{"0":1,"1":1},"f":{"0":1},"b":{},"_coverageSchema":"1a1c01bbd47fc00a2c39e90264f33305004495a9","hash":"bfb04bc4243e4ea95d9b3251374d1a0719c3d15c"}
}
