TN:
SF:src/js/lib/cpf.js
FN:1,isCPF
FNF:1
FNH:1
FNDA:10,isCPF
DA:2,10
DA:4,10
DA:6,10
DA:20,9
DA:23,1
DA:26,9
DA:28,1
DA:30,1
DA:31,1
DA:33,1
DA:35,10
DA:37,1
DA:39,1
DA:40,1
DA:42,1
LF:15
LH:15
BRDA:2,0,0,0
BRDA:2,0,1,10
BRDA:6,1,0,9
BRDA:6,1,1,1
BRDA:7,2,0,10
BRDA:7,2,1,10
BRDA:7,2,2,10
BRDA:7,2,3,10
BRDA:7,2,4,9
BRDA:7,2,5,8
BRDA:7,2,6,7
BRDA:7,2,7,6
BRDA:7,2,8,5
BRDA:7,2,9,4
BRDA:7,2,10,3
BRDA:7,2,11,2
BRDA:30,3,0,0
BRDA:30,3,1,1
BRDA:30,4,0,1
BRDA:30,4,1,1
BRDA:31,5,0,0
BRDA:31,5,1,1
BRDA:39,6,0,0
BRDA:39,6,1,1
BRDA:39,7,0,1
BRDA:39,7,1,1
BRDA:40,8,0,0
BRDA:40,8,1,1
BRF:28
BRH:23
end_of_record
TN:
SF:src/js/mocks/LocalStorageMock.js
FN:2,(anonymous_0)
FN:6,(anonymous_1)
FN:10,(anonymous_2)
FN:14,(anonymous_3)
FN:18,(anonymous_4)
FNF:5
FNH:1
FNDA:1,(anonymous_0)
FNDA:0,(anonymous_1)
FNDA:0,(anonymous_2)
FNDA:0,(anonymous_3)
FNDA:0,(anonymous_4)
DA:3,1
DA:7,0
DA:11,0
DA:15,0
DA:19,0
LF:5
LH:1
BRDA:11,0,0,0
BRDA:11,0,1,0
BRF:2
BRH:0
end_of_record
TN:
SF:src/js/providers/ListUserProvider.js
FN:3,(anonymous_0)
FN:7,(anonymous_1)
FNF:2
FNH:1
FNDA:1,(anonymous_0)
FNDA:0,(anonymous_1)
DA:4,1
DA:8,0
LF:2
LH:1
BRF:0
BRH:0
end_of_record
TN:
SF:src/js/providers/implementations/ListUsersMockProvider.js
FN:5,(anonymous_0)
FNF:1
FNH:1
FNDA:1,(anonymous_0)
DA:6,1
DA:7,1
DA:9,1
DA:11,1
LF:4
LH:4
BRF:0
BRH:0
end_of_record
TN:
SF:src/js/repositories/UsersRepository.js
FN:3,(anonymous_0)
FN:7,(anonymous_1)
FN:11,(anonymous_2)
FN:15,(anonymous_3)
FN:19,(anonymous_4)
FNF:5
FNH:0
FNDA:0,(anonymous_0)
FNDA:0,(anonymous_1)
FNDA:0,(anonymous_2)
FNDA:0,(anonymous_3)
FNDA:0,(anonymous_4)
DA:4,0
DA:8,0
DA:12,0
DA:16,0
DA:20,0
LF:5
LH:0
BRF:0
BRH:0
end_of_record
TN:
SF:src/js/repositories/implementations/StorageUsersRepository.js
FN:5,(anonymous_0)
FN:11,(anonymous_1)
FN:19,(anonymous_2)
FN:23,(anonymous_3)
FN:24,(anonymous_4)
FN:27,(anonymous_5)
FN:28,(anonymous_6)
FN:33,(anonymous_7)
FN:34,(anonymous_8)
FN:38,(anonymous_9)
FNF:10
FNH:10
FNDA:1,(anonymous_0)
FNDA:10,(anonymous_1)
FNDA:4,(anonymous_2)
FNDA:5,(anonymous_3)
FNDA:5,(anonymous_4)
FNDA:1,(anonymous_5)
FNDA:2,(anonymous_6)
FNDA:1,(anonymous_7)
FNDA:2,(anonymous_8)
FNDA:3,(anonymous_9)
DA:6,1
DA:7,1
DA:8,1
DA:12,10
DA:14,10
DA:16,3
DA:20,4
DA:24,5
DA:28,1
DA:29,2
DA:34,2
DA:35,1
DA:41,3
DA:43,3
DA:44,3
DA:46,3
DA:47,1
DA:48,1
DA:51,3
LF:19
LH:19
BRDA:14,0,0,7
BRDA:14,0,1,3
BRDA:27,1,0,0
BRDA:29,2,0,2
BRDA:29,2,1,0
BRDA:38,3,0,1
BRDA:43,4,0,3
BRDA:43,4,1,0
BRDA:43,5,0,3
BRDA:43,5,1,3
BRDA:43,5,2,3
BRDA:43,5,3,3
BRDA:46,6,0,1
BRDA:46,6,1,2
BRF:14
BRH:11
end_of_record
TN:
SF:src/js/services/ValidatorInputService.js
FN:2,(anonymous_0)
FNF:1
FNH:0
FNDA:0,(anonymous_0)
DA:3,0
LF:1
LH:0
BRF:0
BRH:0
end_of_record
TN:
SF:src/js/services/implementations/FormValidatorInputService.js
FN:5,(anonymous_0)
FN:9,(anonymous_1)
FN:15,(anonymous_2)
FN:19,(anonymous_3)
FN:25,(anonymous_4)
FNF:5
FNH:4
FNDA:6,(anonymous_0)
FNDA:5,(anonymous_1)
FNDA:10,(anonymous_2)
FNDA:9,(anonymous_3)
FNDA:0,(anonymous_4)
DA:6,6
DA:10,5
DA:12,5
DA:16,10
DA:20,9
DA:22,9
DA:26,0
LF:7
LH:6
BRF:0
BRH:0
end_of_record
TN:
SF:src/js/templates/UserTemplateComponent.js
FN:1,(anonymous_0)
FNF:1
FNH:1
FNDA:1,(anonymous_0)
DA:1,1
DA:3,1
LF:2
LH:2
BRF:0
BRH:0
end_of_record
